#
# There is insufficient memory for the Java Runtime Environment to continue.
# Native memory allocation (malloc) failed to allocate 1956384 bytes for Chunk::new
# Possible reasons:
#   The system is out of physical RAM or swap space
#   The process is running with CompressedOops enabled, and the Java Heap may be blocking the growth of the native heap
# Possible solutions:
#   Reduce memory load on the system
#   Increase physical memory or swap space
#   Check if swap backing store is full
#   Decrease Java heap size (-Xmx/-Xms)
#   Decrease number of Java threads
#   Decrease Java thread stack sizes (-Xss)
#   Set larger code cache with -XX:ReservedCodeCacheSize=
#   JVM is running with Zero Based Compressed Oops mode in which the Java heap is
#     placed in the first 32GB address space. The Java Heap base address is the
#     maximum limit for the native heap growth. Please use -XX:HeapBaseMinAddress
#     to set the Java Heap base and to place the Java Heap above 32GB virtual address.
# This output file may be truncated or incomplete.
#
#  Out of Memory Error (./open/src/hotspot/share/memory/arena.cpp:195), pid=14548, tid=15808
#
# JRE version: OpenJDK Runtime Environment (15.0.2+7) (build 15.0.2+7-27)
# Java VM: OpenJDK 64-Bit Server VM (15.0.2+7-27, mixed mode, tiered, compressed oops, g1 gc, windows-amd64)
# No core dump will be written. Minidumps are not enabled by default on client versions of Windows
#

---------------  S U M M A R Y ------------

Command Line: -Dfile.encoding=UTF-8 -XX:+ShowCodeDetailsInExceptionMessages it.plansoft.skills.SkillsManagementApplication

Host: Intel(R) Core(TM) i7-8550U CPU @ 1.80GHz, 8 cores, 15G,  Windows 10 , 64 bit Build 19041 (10.0.19041.1023)
Time: Tue Aug  3 11:17:00 2021 ora legale Europa occidentale elapsed time: 2.980771 seconds (0d 0h 0m 2s)

---------------  T H R E A D  ---------------

Current thread (0x000001cf7cb18e90):  JavaThread "C2 CompilerThread0" daemon [_thread_in_native, id=15808, stack(0x000000a27b300000,0x000000a27b400000)]


Current CompileTask:
C2:   2980 3598       4       org.springframework.boot.context.properties.source.ConfigurationPropertyName$ElementsParser::parse (234 bytes)

Stack: [0x000000a27b300000,0x000000a27b400000]
Native frames: (J=compiled Java code, j=interpreted, Vv=VM code, C=native code)
V  [jvm.dll+0x62ae9a]
V  [jvm.dll+0x7817a9]
V  [jvm.dll+0x782f03]
V  [jvm.dll+0x783563]
V  [jvm.dll+0x216325]
V  [jvm.dll+0x97f3a]
V  [jvm.dll+0x9861c]
V  [jvm.dll+0x32e305]
V  [jvm.dll+0x2f768a]
V  [jvm.dll+0x2f6a4a]
V  [jvm.dll+0x1ea705]
V  [jvm.dll+0x1e996e]
V  [jvm.dll+0x178567]
V  [jvm.dll+0x1f9225]
V  [jvm.dll+0x1f72cc]
V  [jvm.dll+0x74495d]
V  [jvm.dll+0x73d75a]
V  [jvm.dll+0x629c56]
C  [ucrtbase.dll+0x21bb2]
C  [KERNEL32.DLL+0x17034]
C  [ntdll.dll+0x52651]


---------------  P R O C E S S  ---------------

Threads class SMR info:
_java_thread_list=0x000001cf7d5c6cf0, length=15, elements={
0x000001cf5b423b80, 0x000001cf7cafc020, 0x000001cf7cafe9f0, 0x000001cf7cb15010,
0x000001cf7cb178e0, 0x000001cf7cb181a0, 0x000001cf7cb18e90, 0x000001cf7cb252b0,
0x000001cf7cb360a0, 0x000001cf7ccaa5d0, 0x000001cf7ccb7ea0, 0x000001cf7ce3d8d0,
0x000001cf7dc65780, 0x000001cf7d5ca830, 0x000001cf7e6b1770
}

Java Threads: ( => current thread )
  0x000001cf5b423b80 JavaThread "main" [_thread_blocked, id=3028, stack(0x000000a27a700000,0x000000a27a800000)]
  0x000001cf7cafc020 JavaThread "Reference Handler" daemon [_thread_blocked, id=9912, stack(0x000000a27ae00000,0x000000a27af00000)]
  0x000001cf7cafe9f0 JavaThread "Finalizer" daemon [_thread_blocked, id=23296, stack(0x000000a27af00000,0x000000a27b000000)]
  0x000001cf7cb15010 JavaThread "Signal Dispatcher" daemon [_thread_blocked, id=12616, stack(0x000000a27b000000,0x000000a27b100000)]
  0x000001cf7cb178e0 JavaThread "Attach Listener" daemon [_thread_blocked, id=26204, stack(0x000000a27b100000,0x000000a27b200000)]
  0x000001cf7cb181a0 JavaThread "Service Thread" daemon [_thread_blocked, id=25960, stack(0x000000a27b200000,0x000000a27b300000)]
=>0x000001cf7cb18e90 JavaThread "C2 CompilerThread0" daemon [_thread_in_native, id=15808, stack(0x000000a27b300000,0x000000a27b400000)]
  0x000001cf7cb252b0 JavaThread "C1 CompilerThread0" daemon [_thread_blocked, id=23812, stack(0x000000a27b400000,0x000000a27b500000)]
  0x000001cf7cb360a0 JavaThread "Sweeper thread" daemon [_thread_blocked, id=3784, stack(0x000000a27b500000,0x000000a27b600000)]
  0x000001cf7ccaa5d0 JavaThread "Notification Thread" daemon [_thread_blocked, id=9512, stack(0x000000a27b600000,0x000000a27b700000)]
  0x000001cf7ccb7ea0 JavaThread "Common-Cleaner" daemon [_thread_blocked, id=15012, stack(0x000000a27b800000,0x000000a27b900000)]
  0x000001cf7ce3d8d0 JavaThread "C2 CompilerThread1" daemon [_thread_in_native, id=2668, stack(0x000000a27b900000,0x000000a27ba00000)]
  0x000001cf7dc65780 JavaThread "Thread-0" [_thread_blocked, id=14916, stack(0x000000a27c000000,0x000000a27c100000)]
  0x000001cf7d5ca830 JavaThread "restartedMain" [_thread_in_vm, id=26196, stack(0x000000a27c100000,0x000000a27c200000)]
  0x000001cf7e6b1770 JavaThread "C2 CompilerThread2" daemon [_thread_in_native, id=26404, stack(0x000000a27c600000,0x000000a27c700000)]

Other Threads:
  0x000001cf7cac55a0 VMThread "VM Thread" [stack: 0x000000a27ad00000,0x000000a27ae00000] [id=23868]
  0x000001cf7ccb83a0 WatcherThread [stack: 0x000000a27b700000,0x000000a27b800000] [id=25196]
  0x000001cf5b4743d0 GCTaskThread "GC Thread#0" [stack: 0x000000a27a800000,0x000000a27a900000] [id=23212]
  0x000001cf7cfb4530 GCTaskThread "GC Thread#1" [stack: 0x000000a27ba00000,0x000000a27bb00000] [id=14084]
  0x000001cf7cfb2550 GCTaskThread "GC Thread#2" [stack: 0x000000a27bb00000,0x000000a27bc00000] [id=14896]
  0x000001cf7cfb2880 GCTaskThread "GC Thread#3" [stack: 0x000000a27bc00000,0x000000a27bd00000] [id=3328]
  0x000001cf7cfb3ed0 GCTaskThread "GC Thread#4" [stack: 0x000000a27bd00000,0x000000a27be00000] [id=19696]
  0x000001cf7cfb3ba0 GCTaskThread "GC Thread#5" [stack: 0x000000a27be00000,0x000000a27bf00000] [id=18260]
  0x000001cf7cfb4ec0 GCTaskThread "GC Thread#6" [stack: 0x000000a27c300000,0x000000a27c400000] [id=22016]
  0x000001cf7cfb1560 GCTaskThread "GC Thread#7" [stack: 0x000000a27c400000,0x000000a27c500000] [id=1568]
  0x000001cf5b485340 ConcurrentGCThread "G1 Main Marker" [stack: 0x000000a27a900000,0x000000a27aa00000] [id=18428]
  0x000001cf5b486660 ConcurrentGCThread "G1 Conc#0" [stack: 0x000000a27aa00000,0x000000a27ab00000] [id=4740]
  0x000001cf7cfb1bc0 ConcurrentGCThread "G1 Conc#1" [stack: 0x000000a27c500000,0x000000a27c600000] [id=24032]
  0x000001cf5b4ee7f0 ConcurrentGCThread "G1 Refine#0" [stack: 0x000000a27ab00000,0x000000a27ac00000] [id=2132]
  0x000001cf7dfd5760 ConcurrentGCThread "G1 Refine#1" [stack: 0x000000a27bf00000,0x000000a27c000000] [id=13576]
  0x000001cf7c0e7560 ConcurrentGCThread "G1 Young RemSet Sampling" [stack: 0x000000a27ac00000,0x000000a27ad00000] [id=416]

Threads with active compile tasks:
C2 CompilerThread0     3005 3598       4       org.springframework.boot.context.properties.source.ConfigurationPropertyName$ElementsParser::parse (234 bytes)
C2 CompilerThread1     3005 3487       4       org.springframework.beans.factory.support.AbstractBeanFactory::isFactoryBean (60 bytes)
C2 CompilerThread2     3005 3491       4       org.springframework.beans.factory.support.AbstractAutowireCapableBeanFactory::predictBeanType (126 bytes)

VM state: not at safepoint (normal execution)

VM Mutex/Monitor currently owned by a thread:  ([mutex/lock_event])
[0x000001cf5b41d410] SystemDictionary_lock - owner thread: 0x0000000000000000

Heap address: 0x0000000702600000, size: 4058 MB, Compressed Oops mode: Zero based, Oop shift amount: 3
CDS disabled.
Compressed class space mapped at: 0x0000000800000000-0x0000000840000000, size: 1073741824
Narrow klass base: 0x0000000800000000, Narrow klass shift: 0, Narrow klass range: 0x40000000

GC Precious Log:
 CPUs: 8 total, 8 available
 Memory: 16227M
 Large Page Support: Disabled
 NUMA Support: Disabled
 Compressed Oops: Enabled (Zero based)
 Heap Region Size: 2M
 Heap Min Capacity: 8M
 Heap Initial Capacity: 254M
 Heap Max Capacity: 4058M
 Pre-touch: Disabled
 Parallel Workers: 8
 Concurrent Workers: 2
 Concurrent Refinement Workers: 8
 Periodic GC: Disabled

Heap:
 garbage-first heap   total 157696K, used 58631K [0x0000000702600000, 0x0000000800000000)
  region size 2048K, 26 young (53248K), 2 survivors (4096K)
 Metaspace       used 34906K, capacity 35337K, committed 35456K, reserved 1081344K
  class space    used 4015K, capacity 4157K, committed 4224K, reserved 1048576K

Heap Regions: E=young(eden), S=young(survivor), O=old, HS=humongous(starts), HC=humongous(continues), CS=collection set, F=free, OA=open archive, CA=closed archive, TAMS=top-at-mark-start (previous, next)
|   0|0x0000000702600000, 0x0000000702800000, 0x0000000702800000|100%| O|  |TAMS 0x0000000702800000, 0x0000000702600000| Untracked 
|   1|0x0000000702800000, 0x0000000702a00000, 0x0000000702a00000|100%| O|  |TAMS 0x0000000702a00000, 0x0000000702800000| Untracked 
|   2|0x0000000702a00000, 0x0000000702c00000, 0x0000000702c00000|100%| O|  |TAMS 0x0000000702c00000, 0x0000000702a00000| Untracked 
|   3|0x0000000702c00000, 0x0000000702c69400, 0x0000000702e00000| 20%| O|  |TAMS 0x0000000702c69400, 0x0000000702c00000| Untracked 
|   4|0x0000000702e00000, 0x0000000703000000, 0x0000000703000000|100%| O|  |TAMS 0x0000000702e00000, 0x0000000702e00000| Untracked 
|   5|0x0000000703000000, 0x000000070300be00, 0x0000000703200000|  2%| O|  |TAMS 0x0000000703000000, 0x0000000703000000| Untracked 
|   6|0x0000000703200000, 0x0000000703200000, 0x0000000703400000|  0%| F|  |TAMS 0x0000000703200000, 0x0000000703200000| Untracked 
|   7|0x0000000703400000, 0x0000000703400000, 0x0000000703600000|  0%| F|  |TAMS 0x0000000703400000, 0x0000000703400000| Untracked 
|   8|0x0000000703600000, 0x0000000703600000, 0x0000000703800000|  0%| F|  |TAMS 0x0000000703600000, 0x0000000703600000| Untracked 
|   9|0x0000000703800000, 0x0000000703800000, 0x0000000703a00000|  0%| F|  |TAMS 0x0000000703800000, 0x0000000703800000| Untracked 
|  10|0x0000000703a00000, 0x0000000703a00000, 0x0000000703c00000|  0%| F|  |TAMS 0x0000000703a00000, 0x0000000703a00000| Untracked 
|  11|0x0000000703c00000, 0x0000000703c00000, 0x0000000703e00000|  0%| F|  |TAMS 0x0000000703c00000, 0x0000000703c00000| Untracked 
|  12|0x0000000703e00000, 0x0000000703eccc88, 0x0000000704000000| 39%| S|CS|TAMS 0x0000000703e00000, 0x0000000703e00000| Complete 
|  13|0x0000000704000000, 0x0000000704200000, 0x0000000704200000|100%| S|CS|TAMS 0x0000000704000000, 0x0000000704000000| Complete 
|  14|0x0000000704200000, 0x0000000704200000, 0x0000000704400000|  0%| F|  |TAMS 0x0000000704200000, 0x0000000704200000| Untracked 
|  15|0x0000000704400000, 0x0000000704400000, 0x0000000704600000|  0%| F|  |TAMS 0x0000000704400000, 0x0000000704400000| Untracked 
|  16|0x0000000704600000, 0x0000000704600000, 0x0000000704800000|  0%| F|  |TAMS 0x0000000704600000, 0x0000000704600000| Untracked 
|  17|0x0000000704800000, 0x0000000704800000, 0x0000000704a00000|  0%| F|  |TAMS 0x0000000704800000, 0x0000000704800000| Untracked 
|  18|0x0000000704a00000, 0x0000000704a00000, 0x0000000704c00000|  0%| F|  |TAMS 0x0000000704a00000, 0x0000000704a00000| Untracked 
|  19|0x0000000704c00000, 0x0000000704c00000, 0x0000000704e00000|  0%| F|  |TAMS 0x0000000704c00000, 0x0000000704c00000| Untracked 
|  20|0x0000000704e00000, 0x0000000704e00000, 0x0000000705000000|  0%| F|  |TAMS 0x0000000704e00000, 0x0000000704e00000| Untracked 
|  21|0x0000000705000000, 0x0000000705000000, 0x0000000705200000|  0%| F|  |TAMS 0x0000000705000000, 0x0000000705000000| Untracked 
|  22|0x0000000705200000, 0x0000000705200000, 0x0000000705400000|  0%| F|  |TAMS 0x0000000705200000, 0x0000000705200000| Untracked 
|  23|0x0000000705400000, 0x0000000705400000, 0x0000000705600000|  0%| F|  |TAMS 0x0000000705400000, 0x0000000705400000| Untracked 
|  24|0x0000000705600000, 0x0000000705600000, 0x0000000705800000|  0%| F|  |TAMS 0x0000000705600000, 0x0000000705600000| Untracked 
|  25|0x0000000705800000, 0x0000000705800000, 0x0000000705a00000|  0%| F|  |TAMS 0x0000000705800000, 0x0000000705800000| Untracked 
|  26|0x0000000705a00000, 0x0000000705a00000, 0x0000000705c00000|  0%| F|  |TAMS 0x0000000705a00000, 0x0000000705a00000| Untracked 
|  27|0x0000000705c00000, 0x0000000705c00000, 0x0000000705e00000|  0%| F|  |TAMS 0x0000000705c00000, 0x0000000705c00000| Untracked 
|  28|0x0000000705e00000, 0x0000000705e00000, 0x0000000706000000|  0%| F|  |TAMS 0x0000000705e00000, 0x0000000705e00000| Untracked 
|  29|0x0000000706000000, 0x0000000706000000, 0x0000000706200000|  0%| F|  |TAMS 0x0000000706000000, 0x0000000706000000| Untracked 
|  30|0x0000000706200000, 0x0000000706200000, 0x0000000706400000|  0%| F|  |TAMS 0x0000000706200000, 0x0000000706200000| Untracked 
|  31|0x0000000706400000, 0x0000000706400000, 0x0000000706600000|  0%| F|  |TAMS 0x0000000706400000, 0x0000000706400000| Untracked 
|  32|0x0000000706600000, 0x0000000706600000, 0x0000000706800000|  0%| F|  |TAMS 0x0000000706600000, 0x0000000706600000| Untracked 
|  33|0x0000000706800000, 0x0000000706800000, 0x0000000706a00000|  0%| F|  |TAMS 0x0000000706800000, 0x0000000706800000| Untracked 
|  34|0x0000000706a00000, 0x0000000706a00000, 0x0000000706c00000|  0%| F|  |TAMS 0x0000000706a00000, 0x0000000706a00000| Untracked 
|  35|0x0000000706c00000, 0x0000000706c00000, 0x0000000706e00000|  0%| F|  |TAMS 0x0000000706c00000, 0x0000000706c00000| Untracked 
|  36|0x0000000706e00000, 0x0000000706e00000, 0x0000000707000000|  0%| F|  |TAMS 0x0000000706e00000, 0x0000000706e00000| Untracked 
|  37|0x0000000707000000, 0x0000000707000000, 0x0000000707200000|  0%| F|  |TAMS 0x0000000707000000, 0x0000000707000000| Untracked 
|  38|0x0000000707200000, 0x0000000707200000, 0x0000000707400000|  0%| F|  |TAMS 0x0000000707200000, 0x0000000707200000| Untracked 
|  39|0x0000000707400000, 0x0000000707400000, 0x0000000707600000|  0%| F|  |TAMS 0x0000000707400000, 0x0000000707400000| Untracked 
|  40|0x0000000707600000, 0x0000000707600000, 0x0000000707800000|  0%| F|  |TAMS 0x0000000707600000, 0x0000000707600000| Untracked 
|  41|0x0000000707800000, 0x0000000707800000, 0x0000000707a00000|  0%| F|  |TAMS 0x0000000707800000, 0x0000000707800000| Untracked 
|  42|0x0000000707a00000, 0x0000000707a00000, 0x0000000707c00000|  0%| F|  |TAMS 0x0000000707a00000, 0x0000000707a00000| Untracked 
|  43|0x0000000707c00000, 0x0000000707c00000, 0x0000000707e00000|  0%| F|  |TAMS 0x0000000707c00000, 0x0000000707c00000| Untracked 
|  44|0x0000000707e00000, 0x0000000707e00000, 0x0000000708000000|  0%| F|  |TAMS 0x0000000707e00000, 0x0000000707e00000| Untracked 
|  45|0x0000000708000000, 0x0000000708000000, 0x0000000708200000|  0%| F|  |TAMS 0x0000000708000000, 0x0000000708000000| Untracked 
|  46|0x0000000708200000, 0x0000000708200000, 0x0000000708400000|  0%| F|  |TAMS 0x0000000708200000, 0x0000000708200000| Untracked 
|  47|0x0000000708400000, 0x0000000708400000, 0x0000000708600000|  0%| F|  |TAMS 0x0000000708400000, 0x0000000708400000| Untracked 
|  48|0x0000000708600000, 0x0000000708600000, 0x0000000708800000|  0%| F|  |TAMS 0x0000000708600000, 0x0000000708600000| Untracked 
|  49|0x0000000708800000, 0x0000000708800000, 0x0000000708a00000|  0%| F|  |TAMS 0x0000000708800000, 0x0000000708800000| Untracked 
|  50|0x0000000708a00000, 0x0000000708a00000, 0x0000000708c00000|  0%| F|  |TAMS 0x0000000708a00000, 0x0000000708a00000| Untracked 
|  51|0x0000000708c00000, 0x0000000708c00000, 0x0000000708e00000|  0%| F|  |TAMS 0x0000000708c00000, 0x0000000708c00000| Untracked 
|  52|0x0000000708e00000, 0x0000000708e00000, 0x0000000709000000|  0%| F|  |TAMS 0x0000000708e00000, 0x0000000708e00000| Untracked 
|  53|0x0000000709000000, 0x00000007091100e0, 0x0000000709200000| 53%| E|  |TAMS 0x0000000709000000, 0x0000000709000000| Complete 
|  54|0x0000000709200000, 0x0000000709400000, 0x0000000709400000|100%| E|CS|TAMS 0x0000000709200000, 0x0000000709200000| Complete 
|  55|0x0000000709400000, 0x0000000709600000, 0x0000000709600000|100%| E|CS|TAMS 0x0000000709400000, 0x0000000709400000| Complete 
|  56|0x0000000709600000, 0x0000000709800000, 0x0000000709800000|100%| E|CS|TAMS 0x0000000709600000, 0x0000000709600000| Complete 
|  57|0x0000000709800000, 0x0000000709a00000, 0x0000000709a00000|100%| E|CS|TAMS 0x0000000709800000, 0x0000000709800000| Complete 
|  58|0x0000000709a00000, 0x0000000709c00000, 0x0000000709c00000|100%| E|CS|TAMS 0x0000000709a00000, 0x0000000709a00000| Complete 
|  59|0x0000000709c00000, 0x0000000709e00000, 0x0000000709e00000|100%| E|CS|TAMS 0x0000000709c00000, 0x0000000709c00000| Complete 
|  60|0x0000000709e00000, 0x000000070a000000, 0x000000070a000000|100%| E|CS|TAMS 0x0000000709e00000, 0x0000000709e00000| Complete 
|  61|0x000000070a000000, 0x000000070a200000, 0x000000070a200000|100%| E|CS|TAMS 0x000000070a000000, 0x000000070a000000| Complete 
|  62|0x000000070a200000, 0x000000070a400000, 0x000000070a400000|100%| E|CS|TAMS 0x000000070a200000, 0x000000070a200000| Complete 
|  63|0x000000070a400000, 0x000000070a600000, 0x000000070a600000|100%| E|CS|TAMS 0x000000070a400000, 0x000000070a400000| Complete 
|  64|0x000000070a600000, 0x000000070a800000, 0x000000070a800000|100%| E|CS|TAMS 0x000000070a600000, 0x000000070a600000| Complete 
|  65|0x000000070a800000, 0x000000070aa00000, 0x000000070aa00000|100%| E|CS|TAMS 0x000000070a800000, 0x000000070a800000| Complete 
|  66|0x000000070aa00000, 0x000000070ac00000, 0x000000070ac00000|100%| E|CS|TAMS 0x000000070aa00000, 0x000000070aa00000| Complete 
|  67|0x000000070ac00000, 0x000000070ae00000, 0x000000070ae00000|100%| E|CS|TAMS 0x000000070ac00000, 0x000000070ac00000| Complete 
|  68|0x000000070ae00000, 0x000000070b000000, 0x000000070b000000|100%| E|CS|TAMS 0x000000070ae00000, 0x000000070ae00000| Complete 
|  69|0x000000070b000000, 0x000000070b200000, 0x000000070b200000|100%| E|CS|TAMS 0x000000070b000000, 0x000000070b000000| Complete 
|  70|0x000000070b200000, 0x000000070b400000, 0x000000070b400000|100%| E|CS|TAMS 0x000000070b200000, 0x000000070b200000| Complete 
|  71|0x000000070b400000, 0x000000070b600000, 0x000000070b600000|100%| E|CS|TAMS 0x000000070b400000, 0x000000070b400000| Complete 
|  72|0x000000070b600000, 0x000000070b800000, 0x000000070b800000|100%| E|CS|TAMS 0x000000070b600000, 0x000000070b600000| Complete 
|  73|0x000000070b800000, 0x000000070ba00000, 0x000000070ba00000|100%| E|CS|TAMS 0x000000070b800000, 0x000000070b800000| Complete 
| 123|0x0000000711c00000, 0x0000000711e00000, 0x0000000711e00000|100%| E|CS|TAMS 0x0000000711c00000, 0x0000000711c00000| Complete 
| 124|0x0000000711e00000, 0x0000000712000000, 0x0000000712000000|100%| E|CS|TAMS 0x0000000711e00000, 0x0000000711e00000| Complete 
| 126|0x0000000712200000, 0x0000000712400000, 0x0000000712400000|100%| E|CS|TAMS 0x0000000712200000, 0x0000000712200000| Complete 

Card table byte_map: [0x000001cf70870000,0x000001cf71060000] _byte_map_base: 0x000001cf6d05d000

Marking Bits (Prev, Next): (CMBitMap*) 0x000001cf5b474b90, (CMBitMap*) 0x000001cf5b474b50
 Prev Bits: [0x000001cf757c0000, 0x000001cf79728000)
 Next Bits: [0x000001cf71850000, 0x000001cf757b8000)

Polling page: 0x000001cf5b4f0000

Metaspace:

Usage:
  Non-class:     30.51 MB capacity,    30.23 MB (>99%) used,   244.59 KB ( <1%) free+waste,    47.94 KB ( <1%) overhead. 
      Class:      4.06 MB capacity,     3.93 MB ( 97%) used,   115.84 KB (  3%) free+waste,    17.94 KB ( <1%) overhead. 
       Both:     34.57 MB capacity,    34.15 MB ( 99%) used,   360.43 KB (  1%) free+waste,    65.88 KB ( <1%) overhead. 

Virtual space:
  Non-class space:       32.00 MB reserved,      30.75 MB ( 96%) committed 
      Class space:        1.00 GB reserved,       4.12 MB ( <1%) committed 
             Both:        1.03 GB reserved,      34.88 MB (  3%) committed 

Chunk freelists:
   Non-Class:  52.00 KB
       Class:  3.00 KB
        Both:  55.00 KB

MaxMetaspaceSize: 17179869184.00 GB
CompressedClassSpaceSize: 1.00 GB

CodeHeap 'non-profiled nmethods': size=120000Kb used=1842Kb max_used=1842Kb free=118157Kb
 bounds [0x000001cf680f0000, 0x000001cf68360000, 0x000001cf6f620000]
CodeHeap 'profiled nmethods': size=120000Kb used=8252Kb max_used=8252Kb free=111747Kb
 bounds [0x000001cf60bc0000, 0x000001cf613d0000, 0x000001cf680f0000]
CodeHeap 'non-nmethods': size=5760Kb used=1193Kb max_used=1270Kb free=4566Kb
 bounds [0x000001cf60620000, 0x000001cf60890000, 0x000001cf60bc0000]
 total_blobs=4208 nmethods=3758 adapters=362
 compilation: enabled
              stopped_count=0, restarted_count=0
 full_count=0

Compilation events (20 events):
Event: 2.974 Thread 0x000001cf7cb252b0 nmethod 3749 0x000001cf613b1610 code [0x000001cf613b17a0, 0x000001cf613b18c8]
Event: 2.974 Thread 0x000001cf7cb252b0 3750       2       java.lang.StringCoding::encode (102 bytes)
Event: 2.974 Thread 0x000001cf7cb252b0 nmethod 3750 0x000001cf613b1990 code [0x000001cf613b1be0, 0x000001cf613b2148]
Event: 2.974 Thread 0x000001cf7cb252b0 3751       2       sun.security.provider.DigestBase::engineUpdate (189 bytes)
Event: 2.974 Thread 0x000001cf7cb252b0 nmethod 3751 0x000001cf613b2510 code [0x000001cf613b2720, 0x000001cf613b2db8]
Event: 2.974 Thread 0x000001cf7cb252b0 3755 %     3       sun.security.provider.SHA::implCompress0 @ 113 (482 bytes)
Event: 2.975 Thread 0x000001cf7cb252b0 nmethod 3755% 0x000001cf613b3090 code [0x000001cf613b32c0, 0x000001cf613b3cd8]
Event: 2.975 Thread 0x000001cf7cb252b0 3752       2       java.security.MessageDigest::update (14 bytes)
Event: 2.975 Thread 0x000001cf7cb252b0 nmethod 3752 0x000001cf613b4290 code [0x000001cf613b4440, 0x000001cf613b4588]
Event: 2.975 Thread 0x000001cf7cb252b0 3753       2       java.security.MessageDigest$Delegate::engineUpdate (11 bytes)
Event: 2.975 Thread 0x000001cf7cb252b0 nmethod 3753 0x000001cf613b4690 code [0x000001cf613b4820, 0x000001cf613b4948]
Event: 2.975 Thread 0x000001cf7cb252b0 3754       2       sun.security.provider.ByteArrayAccess::b2iBig64 (614 bytes)
Event: 2.975 Thread 0x000001cf7cb252b0 nmethod 3754 0x000001cf613b4a10 code [0x000001cf613b4be0, 0x000001cf613b5348]
Event: 2.975 Thread 0x000001cf7cb252b0 3758   !   2       sun.nio.fs.WindowsPath::createFromNormalizedPath (65 bytes)
Event: 2.976 Thread 0x000001cf7cb252b0 nmethod 3758 0x000001cf613b5610 code [0x000001cf613b5800, 0x000001cf613b5d18]
Event: 2.976 Thread 0x000001cf7cb252b0 3756       2       sun.nio.fs.WindowsFileAttributes::fromFindData (127 bytes)
Event: 2.976 Thread 0x000001cf7cb252b0 nmethod 3756 0x000001cf613b5f90 code [0x000001cf613b6140, 0x000001cf613b63e8]
Event: 2.976 Thread 0x000001cf7cb252b0 3757   !   2       sun.nio.fs.WindowsDirectoryStream$WindowsDirectoryIterator::acceptEntry (71 bytes)
Event: 2.976 Thread 0x000001cf7cb252b0 nmethod 3757 0x000001cf613b6510 code [0x000001cf613b6700, 0x000001cf613b6a88]
Event: 2.976 Thread 0x000001cf7cb252b0 3761 %     3       sun.security.provider.SHA::implCompress0 @ 3 (482 bytes)

GC Heap History (14 events):
Event: 0.624 GC heap before
{Heap before GC invocations=0 (full 0):
 garbage-first heap   total 260096K, used 20480K [0x0000000702600000, 0x0000000800000000)
  region size 2048K, 11 young (22528K), 0 survivors (0K)
 Metaspace       used 11790K, capacity 11943K, committed 12160K, reserved 1060864K
  class space    used 1106K, capacity 1125K, committed 1152K, reserved 1048576K
}
Event: 0.630 GC heap after
{Heap after GC invocations=1 (full 0):
 garbage-first heap   total 260096K, used 6557K [0x0000000702600000, 0x0000000800000000)
  region size 2048K, 2 young (4096K), 2 survivors (4096K)
 Metaspace       used 11790K, capacity 11943K, committed 12160K, reserved 1060864K
  class space    used 1106K, capacity 1125K, committed 1152K, reserved 1048576K
}
Event: 0.636 GC heap before
{Heap before GC invocations=1 (full 0):
 garbage-first heap   total 260096K, used 27037K [0x0000000702600000, 0x0000000800000000)
  region size 2048K, 13 young (26624K), 2 survivors (4096K)
 Metaspace       used 11790K, capacity 11943K, committed 12160K, reserved 1060864K
  class space    used 1106K, capacity 1125K, committed 1152K, reserved 1048576K
}
Event: 0.639 GC heap after
{Heap after GC invocations=2 (full 0):
 garbage-first heap   total 260096K, used 6621K [0x0000000702600000, 0x0000000800000000)
  region size 2048K, 1 young (2048K), 1 survivors (2048K)
 Metaspace       used 11790K, capacity 11943K, committed 12160K, reserved 1060864K
  class space    used 1106K, capacity 1125K, committed 1152K, reserved 1048576K
}
Event: 1.118 GC heap before
{Heap before GC invocations=2 (full 0):
 garbage-first heap   total 260096K, used 49629K [0x0000000702600000, 0x0000000800000000)
  region size 2048K, 23 young (47104K), 1 survivors (2048K)
 Metaspace       used 20386K, capacity 20692K, committed 20992K, reserved 1069056K
  class space    used 2142K, capacity 2223K, committed 2304K, reserved 1048576K
}
Event: 1.120 GC heap after
{Heap after GC invocations=3 (full 0):
 garbage-first heap   total 260096K, used 8781K [0x0000000702600000, 0x0000000800000000)
  region size 2048K, 2 young (4096K), 2 survivors (4096K)
 Metaspace       used 20386K, capacity 20692K, committed 20992K, reserved 1069056K
  class space    used 2142K, capacity 2223K, committed 2304K, reserved 1048576K
}
Event: 1.138 GC heap before
{Heap before GC invocations=3 (full 0):
 garbage-first heap   total 260096K, used 10829K [0x0000000702600000, 0x0000000800000000)
  region size 2048K, 4 young (8192K), 2 survivors (4096K)
 Metaspace       used 20939K, capacity 21204K, committed 21248K, reserved 1069056K
  class space    used 2189K, capacity 2287K, committed 2304K, reserved 1048576K
}
Event: 1.140 GC heap after
{Heap after GC invocations=4 (full 0):
 garbage-first heap   total 260096K, used 8922K [0x0000000702600000, 0x0000000800000000)
  region size 2048K, 2 young (4096K), 2 survivors (4096K)
 Metaspace       used 20939K, capacity 21204K, committed 21248K, reserved 1069056K
  class space    used 2189K, capacity 2287K, committed 2304K, reserved 1048576K
}
Event: 1.467 GC heap before
{Heap before GC invocations=5 (full 0):
 garbage-first heap   total 49152K, used 43738K [0x0000000702600000, 0x0000000800000000)
  region size 2048K, 20 young (40960K), 2 survivors (4096K)
 Metaspace       used 24899K, capacity 25115K, committed 25344K, reserved 1071104K
  class space    used 2712K, capacity 2778K, committed 2816K, reserved 1048576K
}
Event: 1.470 GC heap after
{Heap after GC invocations=6 (full 0):
 garbage-first heap   total 53248K, used 10297K [0x0000000702600000, 0x0000000800000000)
  region size 2048K, 2 young (4096K), 2 survivors (4096K)
 Metaspace       used 24899K, capacity 25115K, committed 25344K, reserved 1071104K
  class space    used 2712K, capacity 2778K, committed 2816K, reserved 1048576K
}
Event: 1.530 GC heap before
{Heap before GC invocations=6 (full 0):
 garbage-first heap   total 53248K, used 32825K [0x0000000702600000, 0x0000000800000000)
  region size 2048K, 14 young (28672K), 2 survivors (4096K)
 Metaspace       used 25498K, capacity 25755K, committed 25984K, reserved 1073152K
  class space    used 2772K, capacity 2842K, committed 2944K, reserved 1048576K
}
Event: 1.533 GC heap after
{Heap after GC invocations=7 (full 0):
 garbage-first heap   total 53248K, used 10708K [0x0000000702600000, 0x0000000800000000)
  region size 2048K, 1 young (2048K), 1 survivors (2048K)
 Metaspace       used 25498K, capacity 25755K, committed 25984K, reserved 1073152K
  class space    used 2772K, capacity 2842K, committed 2944K, reserved 1048576K
}
Event: 1.882 GC heap before
{Heap before GC invocations=7 (full 0):
 garbage-first heap   total 53248K, used 35284K [0x0000000702600000, 0x0000000800000000)
  region size 2048K, 13 young (26624K), 1 survivors (2048K)
 Metaspace       used 27388K, capacity 27717K, committed 28032K, reserved 1075200K
  class space    used 3009K, capacity 3126K, committed 3200K, reserved 1048576K
}
Event: 1.885 GC heap after
{Heap after GC invocations=8 (full 0):
 garbage-first heap   total 157696K, used 11527K [0x0000000702600000, 0x0000000800000000)
  region size 2048K, 2 young (4096K), 2 survivors (4096K)
 Metaspace       used 27388K, capacity 27717K, committed 28032K, reserved 1075200K
  class space    used 3009K, capacity 3126K, committed 3200K, reserved 1048576K
}

Deoptimization events (20 events):
Event: 2.863 Thread 0x000001cf7d5ca830 Uncommon trap: trap_request=0xffffffde fr.pc=0x000001cf6826d31c relative=0x000000000000119c
Event: 2.863 Thread 0x000001cf7d5ca830 Uncommon trap: reason=class_check action=maybe_recompile pc=0x000001cf6826d31c method=org.springframework.core.ResolvableType.resolveType()Lorg/springframework/core/ResolvableType; @ 101 c2
Event: 2.863 Thread 0x000001cf7d5ca830 DEOPT PACKING pc=0x000001cf6826d31c sp=0x000000a27c1fbbd0
Event: 2.863 Thread 0x000001cf7d5ca830 DEOPT UNPACKING pc=0x000001cf6066e42f sp=0x000000a27c1fbbc8 mode 2
Event: 2.873 Thread 0x000001cf7d5ca830 Uncommon trap: trap_request=0xffffff45 fr.pc=0x000001cf681bbc4c relative=0x00000000000001ac
Event: 2.873 Thread 0x000001cf7d5ca830 Uncommon trap: reason=unstable_if action=reinterpret pc=0x000001cf681bbc4c method=java.util.concurrent.ConcurrentHashMap.get(Ljava/lang/Object;)Ljava/lang/Object; @ 152 c2
Event: 2.873 Thread 0x000001cf7d5ca830 DEOPT PACKING pc=0x000001cf681bbc4c sp=0x000000a27c1fd480
Event: 2.873 Thread 0x000001cf7d5ca830 DEOPT UNPACKING pc=0x000001cf6066e42f sp=0x000000a27c1fd3e8 mode 2
Event: 2.882 Thread 0x000001cf7d5ca830 Uncommon trap: trap_request=0xffffff45 fr.pc=0x000001cf681a62cc relative=0x000000000000032c
Event: 2.882 Thread 0x000001cf7d5ca830 Uncommon trap: reason=unstable_if action=reinterpret pc=0x000001cf681a62cc method=java.util.LinkedHashMap.get(Ljava/lang/Object;)Ljava/lang/Object; @ 16 c2
Event: 2.882 Thread 0x000001cf7d5ca830 DEOPT PACKING pc=0x000001cf681a62cc sp=0x000000a27c1fd550
Event: 2.882 Thread 0x000001cf7d5ca830 DEOPT UNPACKING pc=0x000001cf6066e42f sp=0x000000a27c1fd508 mode 2
Event: 2.888 Thread 0x000001cf7d5ca830 Uncommon trap: trap_request=0xffffff45 fr.pc=0x000001cf681e68d8 relative=0x00000000000021b8
Event: 2.888 Thread 0x000001cf7d5ca830 Uncommon trap: reason=unstable_if action=reinterpret pc=0x000001cf681e68d8 method=jdk.internal.jimage.ImageLocation.verify(Ljava/lang/String;Ljava/lang/String;[JLjdk/internal/jimage/ImageStrings;)Z @ 18 c2
Event: 2.888 Thread 0x000001cf7d5ca830 DEOPT PACKING pc=0x000001cf681e68d8 sp=0x000000a27c1fcce0
Event: 2.888 Thread 0x000001cf7d5ca830 DEOPT UNPACKING pc=0x000001cf6066e42f sp=0x000000a27c1fcae8 mode 2
Event: 2.897 Thread 0x000001cf7d5ca830 Uncommon trap: trap_request=0xffffff45 fr.pc=0x000001cf682342e4 relative=0x0000000000001704
Event: 2.897 Thread 0x000001cf7d5ca830 Uncommon trap: reason=unstable_if action=reinterpret pc=0x000001cf682342e4 method=sun.nio.fs.WindowsPathParser.normalize(Ljava/lang/StringBuilder;Ljava/lang/String;I)Ljava/lang/String; @ 100 c2
Event: 2.897 Thread 0x000001cf7d5ca830 DEOPT PACKING pc=0x000001cf682342e4 sp=0x000000a27c1fd120
Event: 2.897 Thread 0x000001cf7d5ca830 DEOPT UNPACKING pc=0x000001cf6066e42f sp=0x000000a27c1fd100 mode 2

Classes unloaded (0 events):
No events

Classes redefined (0 events):
No events

Internal exceptions (20 events):
Event: 2.634 Thread 0x000001cf7d5ca830 Exception <a 'java/lang/ClassNotFoundException'{0x0000000709f131e8}: org/springframework/context/annotation/ImportAwareCustomizer> (0x0000000709f131e8) 
thrown [./open/src/hotspot/share/classfile/systemDictionary.cpp, line 295]
Event: 2.634 Thread 0x000001cf7d5ca830 Exception <a 'java/lang/ClassNotFoundException'{0x0000000709f18da0}: org/springframework/beans/factory/AwareCustomizer> (0x0000000709f18da0) 
thrown [./open/src/hotspot/share/classfile/systemDictionary.cpp, line 295]
Event: 2.634 Thread 0x000001cf7d5ca830 Exception <a 'java/lang/ClassNotFoundException'{0x0000000709f1df88}: org/springframework/beans/factory/SmartInitializingSingletonCustomizer> (0x0000000709f1df88) 
thrown [./open/src/hotspot/share/classfile/systemDictionary.cpp, line 295]
Event: 2.635 Thread 0x000001cf7d5ca830 Exception <a 'java/lang/ClassNotFoundException'{0x0000000709f238f8}: org/springframework/beans/factory/BeanFactoryAwareCustomizer> (0x0000000709f238f8) 
thrown [./open/src/hotspot/share/classfile/systemDictionary.cpp, line 295]
Event: 2.635 Thread 0x000001cf7d5ca830 Exception <a 'java/lang/ClassNotFoundException'{0x0000000709f29c10}: org/springframework/beans/factory/AwareCustomizer> (0x0000000709f29c10) 
thrown [./open/src/hotspot/share/classfile/systemDictionary.cpp, line 295]
Event: 2.651 Thread 0x000001cf7d5ca830 Exception <a 'java/lang/ClassNotFoundException'{0x0000000709fb0140}: java/lang/ObjectCustomizer> (0x0000000709fb0140) 
thrown [./open/src/hotspot/share/classfile/systemDictionary.cpp, line 295]
Event: 2.652 Thread 0x000001cf7d5ca830 Exception <a 'java/lang/ClassNotFoundException'{0x0000000709fb7cc0}: org/springframework/aop/support/AbstractPointcutAdvisorCustomizer> (0x0000000709fb7cc0) 
thrown [./open/src/hotspot/share/classfile/systemDictionary.cpp, line 295]
Event: 2.653 Thread 0x000001cf7d5ca830 Exception <a 'java/lang/ClassNotFoundException'{0x0000000709fc0ab8}: org/springframework/security/access/intercept/aopalliance/MethodSecurityMetadataSourceAdvisorCustomizer> (0x0000000709fc0ab8) 
thrown [./open/src/hotspot/share/classfile/systemDictionary.cpp, line 295]
Event: 2.654 Thread 0x000001cf7d5ca830 Exception <a 'java/lang/ClassNotFoundException'{0x0000000709fccb58}: org/springframework/beans/factory/BeanFactoryAwareCustomizer> (0x0000000709fccb58) 
thrown [./open/src/hotspot/share/classfile/systemDictionary.cpp, line 295]
Event: 2.654 Thread 0x000001cf7d5ca830 Exception <a 'java/lang/ClassNotFoundException'{0x0000000709fd23d0}: org/springframework/beans/factory/AwareCustomizer> (0x0000000709fd23d0) 
thrown [./open/src/hotspot/share/classfile/systemDictionary.cpp, line 295]
Event: 2.655 Thread 0x000001cf7d5ca830 Exception <a 'java/lang/ClassNotFoundException'{0x0000000709fd6720}: org/springframework/aop/PointcutAdvisorCustomizer> (0x0000000709fd6720) 
thrown [./open/src/hotspot/share/classfile/systemDictionary.cpp, line 295]
Event: 2.655 Thread 0x000001cf7d5ca830 Exception <a 'java/lang/ClassNotFoundException'{0x0000000709fdbae0}: org/springframework/aop/AdvisorCustomizer> (0x0000000709fdbae0) 
thrown [./open/src/hotspot/share/classfile/systemDictionary.cpp, line 295]
Event: 2.656 Thread 0x000001cf7d5ca830 Exception <a 'java/lang/ClassNotFoundException'{0x0000000709fe1690}: org/springframework/core/OrderedCustomizer> (0x0000000709fe1690) 
thrown [./open/src/hotspot/share/classfile/systemDictionary.cpp, line 295]
Event: 2.723 Thread 0x000001cf7d5ca830 Exception <a 'java/lang/NoSuchMethodError'{0x0000000709df7a00}: 'int java.lang.invoke.DirectMethodHandle$Holder.invokeSpecial(java.lang.Object, java.lang.Object, java.lang.Object, java.lang.Object, java.lang.Object)'> (0x0000000709df7a00) 
thrown [./open/src/hotspot/share/interpreter/linkResolver.cpp, line 782]
Event: 2.768 Thread 0x000001cf7d5ca830 Implicit null exception at 0x000001cf68242660 to 0x000001cf6824287c
Event: 2.790 Thread 0x000001cf7d5ca830 Exception <a 'java/lang/NoSuchMethodError'{0x0000000709922618}: 'void java.lang.invoke.DirectMethodHandle$Holder.invokeInterface(java.lang.Object, java.lang.Object, int)'> (0x0000000709922618) 
thrown [./open/src/hotspot/share/interpreter/linkResolver.cpp, line 782]
Event: 2.794 Thread 0x000001cf7d5ca830 Exception <a 'java/lang/IncompatibleClassChangeError'{0x000000070997de70}: Found class java.lang.Object, but interface was expected> (0x000000070997de70) 
thrown [./open/src/hotspot/share/interpreter/linkResolver.cpp, line 848]
Event: 2.795 Thread 0x000001cf7d5ca830 Exception <a 'java/lang/NoSuchMethodError'{0x0000000709983520}: 'void java.lang.invoke.DirectMethodHandle$Holder.invokeStatic(java.lang.Object, int, java.lang.Object)'> (0x0000000709983520) 
thrown [./open/src/hotspot/share/interpreter/linkResolver.cpp, line 782]
Event: 2.799 Thread 0x000001cf7d5ca830 Exception <a 'java/lang/NoSuchMethodError'{0x00000007099b4c60}: 'int java.lang.invoke.DirectMethodHandle$Holder.invokeSpecial(java.lang.Object, java.lang.Object, int)'> (0x00000007099b4c60) 
thrown [./open/src/hotspot/share/interpreter/linkResolver.cpp, line 782]
Event: 2.900 Thread 0x000001cf7d5ca830 Exception <a 'java/lang/NoSuchMethodError'{0x000000070927b590}: 'java.lang.Object java.lang.invoke.DirectMethodHandle$Holder.invokeStaticInit(java.lang.Object, int, int, int, int)'> (0x000000070927b590) 
thrown [./open/src/hotspot/share/interpreter/linkResolver.cpp, line 782]

Events (20 events):
Event: 2.909 loading class java/net/DefaultInterface
Event: 2.909 loading class java/net/DefaultInterface done
Event: 2.924 loading class java/net/NetworkInterface$1
Event: 2.924 loading class java/net/NetworkInterface$1 done
Event: 2.969 loading class java/nio/file/Files$AcceptAllFilter
Event: 2.969 loading class java/nio/file/DirectoryStream$Filter
Event: 2.969 loading class java/nio/file/DirectoryStream$Filter done
Event: 2.969 loading class java/nio/file/Files$AcceptAllFilter done
Event: 2.969 loading class sun/nio/fs/WindowsDirectoryStream
Event: 2.969 loading class java/nio/file/DirectoryStream
Event: 2.969 loading class java/nio/file/DirectoryStream done
Event: 2.969 loading class sun/nio/fs/WindowsDirectoryStream done
Event: 2.969 loading class sun/nio/fs/WindowsDirectoryStream$WindowsDirectoryIterator
Event: 2.969 loading class sun/nio/fs/WindowsDirectoryStream$WindowsDirectoryIterator done
Event: 2.970 loading class sun/nio/fs/WindowsPath$WindowsPathWithAttributes
Event: 2.970 loading class sun/nio/fs/BasicFileAttributesHolder
Event: 2.970 loading class sun/nio/fs/BasicFileAttributesHolder done
Event: 2.970 loading class sun/nio/fs/WindowsPath$WindowsPathWithAttributes done
Event: 2.970 Executing VM operation: HandshakeAllThreads
Event: 2.970 Executing VM operation: HandshakeAllThreads done


Dynamic libraries:
0x00007ff7f9ea0000 - 0x00007ff7f9ead000 	C:\Users\ecalvisi\.p2\pool\plugins\org.eclipse.justj.openjdk.hotspot.jre.full.win32.x86_64_15.0.2.v20210201-0955\jre\bin\javaw.exe
0x00007ffa99490000 - 0x00007ffa99685000 	C:\WINDOWS\SYSTEM32\ntdll.dll
0x00007ffa99360000 - 0x00007ffa9941d000 	C:\WINDOWS\System32\KERNEL32.DLL
0x00007ffa96ba0000 - 0x00007ffa96e69000 	C:\WINDOWS\System32\KERNELBASE.dll
0x00007ffa97350000 - 0x00007ffa97450000 	C:\WINDOWS\System32\ucrtbase.dll
0x00007ffa56050000 - 0x00007ffa56068000 	C:\Users\ecalvisi\.p2\pool\plugins\org.eclipse.justj.openjdk.hotspot.jre.full.win32.x86_64_15.0.2.v20210201-0955\jre\bin\jli.dll
0x00007ffa63320000 - 0x00007ffa63339000 	C:\Users\ecalvisi\.p2\pool\plugins\org.eclipse.justj.openjdk.hotspot.jre.full.win32.x86_64_15.0.2.v20210201-0955\jre\bin\VCRUNTIME140.dll
0x00007ffa97580000 - 0x00007ffa97720000 	C:\WINDOWS\System32\USER32.dll
0x00007ffa97450000 - 0x00007ffa97472000 	C:\WINDOWS\System32\win32u.dll
0x00007ffa7f030000 - 0x00007ffa7f2ca000 	C:\WINDOWS\WinSxS\amd64_microsoft.windows.common-controls_6595b64144ccf1df_6.0.19041.1110_none_60b5254171f9507e\COMCTL32.dll
0x00007ffa97fb0000 - 0x00007ffa97fda000 	C:\WINDOWS\System32\GDI32.dll
0x00007ffa97d60000 - 0x00007ffa97dfe000 	C:\WINDOWS\System32\msvcrt.dll
0x00007ffa97010000 - 0x00007ffa9711b000 	C:\WINDOWS\System32\gdi32full.dll
0x00007ffa972b0000 - 0x00007ffa9734d000 	C:\WINDOWS\System32\msvcp_win.dll
0x00007ffa97730000 - 0x00007ffa97760000 	C:\WINDOWS\System32\IMM32.DLL
0x00007ffa90ad0000 - 0x00007ffa90adc000 	C:\Users\ecalvisi\.p2\pool\plugins\org.eclipse.justj.openjdk.hotspot.jre.full.win32.x86_64_15.0.2.v20210201-0955\jre\bin\vcruntime140_1.dll
0x00007ffa5c5c0000 - 0x00007ffa5c651000 	C:\Users\ecalvisi\.p2\pool\plugins\org.eclipse.justj.openjdk.hotspot.jre.full.win32.x86_64_15.0.2.v20210201-0955\jre\bin\msvcp140.dll
0x00007ffa35fa0000 - 0x00007ffa36afe000 	C:\Users\ecalvisi\.p2\pool\plugins\org.eclipse.justj.openjdk.hotspot.jre.full.win32.x86_64_15.0.2.v20210201-0955\jre\bin\server\jvm.dll
0x00007ffa97f00000 - 0x00007ffa97fac000 	C:\WINDOWS\System32\ADVAPI32.dll
0x00007ffa98060000 - 0x00007ffa980fb000 	C:\WINDOWS\System32\sechost.dll
0x00007ffa97a70000 - 0x00007ffa97b9a000 	C:\WINDOWS\System32\RPCRT4.dll
0x00007ffa99350000 - 0x00007ffa99358000 	C:\WINDOWS\System32\PSAPI.DLL
0x00007ffa78b00000 - 0x00007ffa78b27000 	C:\WINDOWS\SYSTEM32\WINMM.dll
0x00007ffa7c860000 - 0x00007ffa7c869000 	C:\WINDOWS\SYSTEM32\WSOCK32.dll
0x00007ffa888c0000 - 0x00007ffa888ca000 	C:\WINDOWS\SYSTEM32\VERSION.dll
0x00007ffa97cf0000 - 0x00007ffa97d5b000 	C:\WINDOWS\System32\WS2_32.dll
0x00007ffa95450000 - 0x00007ffa95462000 	C:\WINDOWS\SYSTEM32\kernel.appcore.dll
0x00007ffa8bfa0000 - 0x00007ffa8bfaa000 	C:\Users\ecalvisi\.p2\pool\plugins\org.eclipse.justj.openjdk.hotspot.jre.full.win32.x86_64_15.0.2.v20210201-0955\jre\bin\jimage.dll
0x00007ffa95200000 - 0x00007ffa953e4000 	C:\WINDOWS\SYSTEM32\DBGHELP.DLL
0x00007ffa78030000 - 0x00007ffa7805c000 	C:\WINDOWS\SYSTEM32\dbgcore.DLL
0x00007ffa96f80000 - 0x00007ffa97003000 	C:\WINDOWS\System32\bcryptPrimitives.dll
0x00007ffa56070000 - 0x00007ffa56095000 	C:\Users\ecalvisi\.p2\pool\plugins\org.eclipse.justj.openjdk.hotspot.jre.full.win32.x86_64_15.0.2.v20210201-0955\jre\bin\java.dll
0x00007ffa56030000 - 0x00007ffa56048000 	C:\Users\ecalvisi\.p2\pool\plugins\org.eclipse.justj.openjdk.hotspot.jre.full.win32.x86_64_15.0.2.v20210201-0955\jre\bin\zip.dll
0x00007ffa98100000 - 0x00007ffa9883f000 	C:\WINDOWS\System32\SHELL32.dll
0x00007ffa94a60000 - 0x00007ffa951f1000 	C:\WINDOWS\SYSTEM32\windows.storage.dll
0x00007ffa98f90000 - 0x00007ffa992e5000 	C:\WINDOWS\System32\combase.dll
0x00007ffa96530000 - 0x00007ffa9655c000 	C:\WINDOWS\SYSTEM32\Wldp.dll
0x00007ffa97960000 - 0x00007ffa97a0e000 	C:\WINDOWS\System32\SHCORE.dll
0x00007ffa97c90000 - 0x00007ffa97ce5000 	C:\WINDOWS\System32\shlwapi.dll
0x00007ffa96ae0000 - 0x00007ffa96aff000 	C:\WINDOWS\SYSTEM32\profapi.dll
0x00007ffa56010000 - 0x00007ffa56029000 	C:\Users\ecalvisi\.p2\pool\plugins\org.eclipse.justj.openjdk.hotspot.jre.full.win32.x86_64_15.0.2.v20210201-0955\jre\bin\net.dll
0x00007ffa8a7b0000 - 0x00007ffa8a8ba000 	C:\WINDOWS\SYSTEM32\WINHTTP.dll
0x00007ffa96310000 - 0x00007ffa9637a000 	C:\WINDOWS\system32\mswsock.dll
0x00007ffa55ff0000 - 0x00007ffa56002000 	C:\Users\ecalvisi\.p2\pool\plugins\org.eclipse.justj.openjdk.hotspot.jre.full.win32.x86_64_15.0.2.v20210201-0955\jre\bin\nio.dll
0x00007ffa74ce0000 - 0x00007ffa74cf0000 	C:\Users\ecalvisi\.p2\pool\plugins\org.eclipse.justj.openjdk.hotspot.jre.full.win32.x86_64_15.0.2.v20210201-0955\jre\bin\verify.dll
0x00007ffa6f170000 - 0x00007ffa6f179000 	C:\Users\ecalvisi\.p2\pool\plugins\org.eclipse.justj.openjdk.hotspot.jre.full.win32.x86_64_15.0.2.v20210201-0955\jre\bin\management.dll
0x00007ffa68780000 - 0x00007ffa6878b000 	C:\Users\ecalvisi\.p2\pool\plugins\org.eclipse.justj.openjdk.hotspot.jre.full.win32.x86_64_15.0.2.v20210201-0955\jre\bin\management_ext.dll
0x00007ffa74950000 - 0x00007ffa74967000 	C:\WINDOWS\system32\napinsp.dll
0x00007ffa74930000 - 0x00007ffa7494b000 	C:\WINDOWS\system32\pnrpnsp.dll
0x00007ffa90a00000 - 0x00007ffa90a1d000 	C:\WINDOWS\system32\NLAapi.dll
0x00007ffa95fd0000 - 0x00007ffa9600b000 	C:\WINDOWS\SYSTEM32\IPHLPAPI.DLL
0x00007ffa96020000 - 0x00007ffa960ec000 	C:\WINDOWS\SYSTEM32\DNSAPI.dll
0x00007ffa97720000 - 0x00007ffa97728000 	C:\WINDOWS\System32\NSI.dll
0x00007ffa74b20000 - 0x00007ffa74b32000 	C:\WINDOWS\System32\winrnr.dll
0x00007ffa8f410000 - 0x00007ffa8f425000 	C:\WINDOWS\system32\wshbth.dll
0x00000000575e0000 - 0x0000000057606000 	C:\Program Files\Bonjour\mdnsNSP.dll
0x00007ffa8bf60000 - 0x00007ffa8bf6a000 	C:\Windows\System32\rasadhlp.dll
0x00007ffa8e210000 - 0x00007ffa8e28f000 	C:\WINDOWS\System32\fwpuclnt.dll
0x00007ffa97120000 - 0x00007ffa97147000 	C:\WINDOWS\System32\bcrypt.dll
0x00007ffa96570000 - 0x00007ffa96588000 	C:\WINDOWS\SYSTEM32\CRYPTSP.dll
0x00007ffa95c60000 - 0x00007ffa95c94000 	C:\WINDOWS\system32\rsaenh.dll
0x00007ffa96aa0000 - 0x00007ffa96ace000 	C:\WINDOWS\SYSTEM32\USERENV.dll
0x00007ffa96490000 - 0x00007ffa9649c000 	C:\WINDOWS\SYSTEM32\CRYPTBASE.dll
0x00007ffa94980000 - 0x00007ffa94997000 	C:\WINDOWS\SYSTEM32\dhcpcsvc6.DLL
0x00007ffa94960000 - 0x00007ffa9497d000 	C:\WINDOWS\SYSTEM32\dhcpcsvc.DLL

dbghelp: loaded successfully - version: 4.0.5 - missing functions: none
symbol engine: initialized successfully - sym options: 0x614 - pdb path: .;C:\Users\ecalvisi\.p2\pool\plugins\org.eclipse.justj.openjdk.hotspot.jre.full.win32.x86_64_15.0.2.v20210201-0955\jre\bin;C:\WINDOWS\SYSTEM32;C:\WINDOWS\WinSxS\amd64_microsoft.windows.common-controls_6595b64144ccf1df_6.0.19041.1110_none_60b5254171f9507e;C:\Users\ecalvisi\.p2\pool\plugins\org.eclipse.justj.openjdk.hotspot.jre.full.win32.x86_64_15.0.2.v20210201-0955\jre\bin\server;C:\Program Files\Bonjour

VM Arguments:
jvm_args: -Dfile.encoding=UTF-8 -XX:+ShowCodeDetailsInExceptionMessages 
java_command: it.plansoft.skills.SkillsManagementApplication
java_class_path (initial): C:\Users\ecalvisi\Develop\Java\SkillsManagement\target\classes;C:\Users\ecalvisi\.m2\repository\org\springframework\boot\spring-boot-starter-web\2.5.0\spring-boot-starter-web-2.5.0.jar;C:\Users\ecalvisi\.m2\repository\org\springframework\boot\spring-boot-starter\2.5.0\spring-boot-starter-2.5.0.jar;C:\Users\ecalvisi\.m2\repository\org\springframework\boot\spring-boot-starter-logging\2.5.0\spring-boot-starter-logging-2.5.0.jar;C:\Users\ecalvisi\.m2\repository\ch\qos\logback\logback-classic\1.2.3\logback-classic-1.2.3.jar;C:\Users\ecalvisi\.m2\repository\ch\qos\logback\logback-core\1.2.3\logback-core-1.2.3.jar;C:\Users\ecalvisi\.m2\repository\org\apache\logging\log4j\log4j-to-slf4j\2.14.1\log4j-to-slf4j-2.14.1.jar;C:\Users\ecalvisi\.m2\repository\org\apache\logging\log4j\log4j-api\2.14.1\log4j-api-2.14.1.jar;C:\Users\ecalvisi\.m2\repository\org\slf4j\jul-to-slf4j\1.7.30\jul-to-slf4j-1.7.30.jar;C:\Users\ecalvisi\.m2\repository\jakarta\annotation\jakarta.annotation-api\1.3.5\jakarta.annotation-api-1.3.5.jar;C:\Users\ecalvisi\.m2\repository\org\yaml\snakeyaml\1.28\snakeyaml-1.28.jar;C:\Users\ecalvisi\.m2\repository\org\springframework\boot\spring-boot-starter-json\2.5.0\spring-boot-starter-json-2.5.0.jar;C:\Users\ecalvisi\.m2\repository\com\fasterxml\jackson\datatype\jackson-datatype-jdk8\2.12.3\jackson-datatype-jdk8-2.12.3.jar;C:\Users\ecalvisi\.m2\repository\com\fasterxml\jackson\datatype\jackson-datatype-jsr310\2.12.3\jackson-datatype-jsr310-2.12.3.jar;C:\Users\ecalvisi\.m2\repository\com\fasterxml\jackson\module\jackson-module-parameter-names\2.12.3\jackson-module-parameter-names-2.12.3.jar;C:\Users\ecalvisi\.m2\repository\org\springframework\boot\spring-boot-starter-tomcat\2.5.0\spring-boot-starter-tomcat-2.5.0.jar;C:\Users\ecalvisi\.m2\repository\org\apache\tomcat\embed\tomcat-embed-core\9.0.46\tomcat-embed-core-9.0.46.jar;C:\Users\ecalvisi\.m2\repository\org\apache\tomcat\embed\tomcat-embed-el\9.0.46\tomcat-embed-el-9.0.46.jar;C:\Users\
Launcher Type: SUN_STANDARD

[Global flags]
     intx CICompilerCount                          = 4                                         {product} {ergonomic}
     uint ConcGCThreads                            = 2                                         {product} {ergonomic}
     uint G1ConcRefinementThreads                  = 8                                         {product} {ergonomic}
   size_t G1HeapRegionSize                         = 2097152                                   {product} {ergonomic}
    uintx GCDrainStackTargetSize                   = 64                                        {product} {ergonomic}
   size_t InitialHeapSize                          = 266338304                                 {product} {ergonomic}
   size_t MarkStackSize                            = 4194304                                   {product} {ergonomic}
   size_t MaxHeapSize                              = 4255121408                                {product} {ergonomic}
   size_t MaxNewSize                               = 2552233984                                {product} {ergonomic}
   size_t MinHeapDeltaBytes                        = 2097152                                   {product} {ergonomic}
   size_t MinHeapSize                              = 8388608                                   {product} {ergonomic}
    uintx NonNMethodCodeHeapSize                   = 5839372                                {pd product} {ergonomic}
    uintx NonProfiledCodeHeapSize                  = 122909434                              {pd product} {ergonomic}
    uintx ProfiledCodeHeapSize                     = 122909434                              {pd product} {ergonomic}
    uintx ReservedCodeCacheSize                    = 251658240                              {pd product} {ergonomic}
     bool SegmentedCodeCache                       = true                                      {product} {ergonomic}
     bool ShowCodeDetailsInExceptionMessages       = true                                   {manageable} {command line}
   size_t SoftMaxHeapSize                          = 4255121408                             {manageable} {ergonomic}
     bool UseCompressedClassPointers               = true                                 {lp64_product} {ergonomic}
     bool UseCompressedOops                        = true                                 {lp64_product} {ergonomic}
     bool UseG1GC                                  = true                                      {product} {ergonomic}
     bool UseLargePagesIndividualAllocation        = false                                  {pd product} {ergonomic}

Logging:
Log output configuration:
 #0: stdout all=warning uptime,level,tags
 #1: stderr all=off uptime,level,tags

Environment Variables:
JAVA_HOME=C:\Program Files\Java\jdk-11.0.11
PATH=C:/Users/ecalvisi/.p2/pool/plugins/org.eclipse.justj.openjdk.hotspot.jre.full.win32.x86_64_15.0.2.v20210201-0955/jre/bin/server;C:/Users/ecalvisi/.p2/pool/plugins/org.eclipse.justj.openjdk.hotspot.jre.full.win32.x86_64_15.0.2.v20210201-0955/jre/bin;C:\Program Files\Common Files\Oracle\Java\javapath;C:\Program Files (x86)\Common Files\Oracle\Java\javapath;C:\Program Files (x86)\Intel\iCLS Client\;C:\Program Files\Intel\iCLS Client\;C:\WINDOWS\system32;C:\WINDOWS;C:\WINDOWS\System32\Wbem;C:\WINDOWS\System32\WindowsPowerShell\v1.0\;C:\WINDOWS\System32\OpenSSH\;C:\Program Files\Intel\WiFi\bin\;C:\Program Files\Common Files\Intel\WirelessCommon\;C:\Program Files (x86)\Intel\Intel(R) Management Engine Components\DAL;C:\Program Files\Intel\Intel(R) Management Engine Components\DAL;C:\Program Files (x86)\Intel\Intel(R) Management Engine Components\IPT;C:\Program Files\Intel\Intel(R) Management Engine Components\IPT;C:\Program Files\Git\cmd;C:\Program Files\Java\jdk-11.0.11\bin;%NVM_HOME%;%NVM_SYMLINK%;C:\Program Files\nodejs\;C:\Program Files\Docker\Docker\resources\bin;C:\ProgramData\DockerDesktop\version-bin;C:\Users\ecalvisi\AppData\Local\Microsoft\WindowsApps;C:\Users\ecalvisi\AppData\Local\GitHubDesktop\bin;C:\Program Files\Java\jdk-11.0.11\bin;C:\Users\ecalvisi\AppData\Local\Programs\Microsoft VS Code\bin;C:\Users\ecalvisi\AppData\Roaming\nvm;C:\Program Files\nodejs;C:\Users\ecalvisi\AppData\Roaming\npm;C:\Users\ecalvisi\eclipse\jee-2021-03\eclipse;
USERNAME=ecalvisi
OS=Windows_NT
PROCESSOR_IDENTIFIER=Intel64 Family 6 Model 142 Stepping 10, GenuineIntel



---------------  S Y S T E M  ---------------

OS:
 Windows 10 , 64 bit Build 19041 (10.0.19041.1023)
OS uptime: 15 days 3:12 hours
HyperV virtualization detected

CPU: total 8 (initial active 8) (4 cores per cpu, 2 threads per core) family 6 model 142 stepping 10 microcode 0xb4, cmov, cx8, fxsr, mmx, sse, sse2, sse3, ssse3, sse4.1, sse4.2, popcnt, vzeroupper, avx, avx2, aes, clmul, erms, 3dnowpref, lzcnt, ht, tsc, tscinvbit, bmi1, bmi2, adx, fma, clflush, clflushopt

Memory: 4k page, system-wide physical 16227M (4418M free)
TotalPageFile size 20323M (AvailPageFile size 10M)
current process WorkingSet (physical memory assigned to process): 273M, peak: 273M
current process commit charge ("private bytes"): 380M, peak: 383M

vm_info: OpenJDK 64-Bit Server VM (15.0.2+7-27) for windows-amd64 JRE (15.0.2+7-27), built on Dec  7 2020 20:02:38 by "mach5one" with unknown MS VC++:1925

END.
